{"/Users/nickychen/Springboard/capstone-project-two-71dc06e176bd4e13898178cfe464f1ea/backend/src/app.js": {"path":"/Users/nickychen/Springboard/capstone-project-two-71dc06e176bd4e13898178cfe464f1ea/backend/src/app.js","statementMap":{"0":{"start":{"line":1,"column":16},"end":{"line":1,"column":34}},"1":{"start":{"line":2,"column":13},"end":{"line":2,"column":28}},"2":{"start":{"line":3,"column":16},"end":{"line":3,"column":42}},"3":{"start":{"line":4,"column":0},"end":{"line":4,"column":27}},"4":{"start":{"line":6,"column":12},"end":{"line":6,"column":21}},"5":{"start":{"line":8,"column":0},"end":{"line":8,"column":70}},"6":{"start":{"line":9,"column":0},"end":{"line":9,"column":24}},"7":{"start":{"line":12,"column":0},"end":{"line":17,"column":4}},"8":{"start":{"line":20,"column":19},"end":{"line":20,"column":49}},"9":{"start":{"line":21,"column":20},"end":{"line":21,"column":51}},"10":{"start":{"line":22,"column":19},"end":{"line":22,"column":49}},"11":{"start":{"line":23,"column":21},"end":{"line":23,"column":53}},"12":{"start":{"line":25,"column":0},"end":{"line":25,"column":29}},"13":{"start":{"line":26,"column":0},"end":{"line":26,"column":32}},"14":{"start":{"line":27,"column":0},"end":{"line":27,"column":31}},"15":{"start":{"line":28,"column":0},"end":{"line":28,"column":32}},"16":{"start":{"line":30,"column":0},"end":{"line":30,"column":21}}},"fnMap":{},"branchMap":{},"s":{"0":6,"1":6,"2":6,"3":6,"4":6,"5":6,"6":6,"7":6,"8":6,"9":6,"10":6,"11":6,"12":6,"13":6,"14":6,"15":6,"16":6},"f":{},"b":{},"_coverageSchema":"1a1c01bbd47fc00a2c39e90264f33305004495a9","hash":"88e57afb795d3ddf3c1adb9f9ed37f560ca97d76"}
,"/Users/nickychen/Springboard/capstone-project-two-71dc06e176bd4e13898178cfe464f1ea/backend/src/controllers/authController.js": {"path":"/Users/nickychen/Springboard/capstone-project-two-71dc06e176bd4e13898178cfe464f1ea/backend/src/controllers/authController.js","statementMap":{"0":{"start":{"line":1,"column":25},"end":{"line":1,"column":50}},"1":{"start":{"line":2,"column":15},"end":{"line":2,"column":33}},"2":{"start":{"line":3,"column":15},"end":{"line":3,"column":34}},"3":{"start":{"line":6,"column":15},"end":{"line":38,"column":1}},"4":{"start":{"line":7,"column":40},"end":{"line":7,"column":48}},"5":{"start":{"line":9,"column":2},"end":{"line":37,"column":3}},"6":{"start":{"line":11,"column":25},"end":{"line":13,"column":6}},"7":{"start":{"line":15,"column":4},"end":{"line":17,"column":5}},"8":{"start":{"line":16,"column":6},"end":{"line":16,"column":68}},"9":{"start":{"line":20,"column":27},"end":{"line":20,"column":58}},"10":{"start":{"line":23,"column":17},"end":{"line":29,"column":6}},"11":{"start":{"line":32,"column":4},"end":{"line":32,"column":33}},"12":{"start":{"line":34,"column":4},"end":{"line":34,"column":73}},"13":{"start":{"line":36,"column":4},"end":{"line":36,"column":64}},"14":{"start":{"line":41,"column":14},"end":{"line":70,"column":1}},"15":{"start":{"line":42,"column":30},"end":{"line":42,"column":38}},"16":{"start":{"line":44,"column":2},"end":{"line":69,"column":3}},"17":{"start":{"line":46,"column":17},"end":{"line":48,"column":6}},"18":{"start":{"line":51,"column":4},"end":{"line":53,"column":5}},"19":{"start":{"line":52,"column":6},"end":{"line":52,"column":74}},"20":{"start":{"line":56,"column":20},"end":{"line":56,"column":65}},"21":{"start":{"line":59,"column":4},"end":{"line":61,"column":5}},"22":{"start":{"line":60,"column":6},"end":{"line":60,"column":74}},"23":{"start":{"line":64,"column":4},"end":{"line":64,"column":33}},"24":{"start":{"line":66,"column":4},"end":{"line":66,"column":64}},"25":{"start":{"line":68,"column":4},"end":{"line":68,"column":52}},"26":{"start":{"line":73,"column":15},"end":{"line":82,"column":1}},"27":{"start":{"line":75,"column":2},"end":{"line":81,"column":5}},"28":{"start":{"line":76,"column":4},"end":{"line":78,"column":5}},"29":{"start":{"line":77,"column":6},"end":{"line":77,"column":66}},"30":{"start":{"line":79,"column":4},"end":{"line":79,"column":35}},"31":{"start":{"line":80,"column":4},"end":{"line":80,"column":65}},"32":{"start":{"line":85,"column":19},"end":{"line":109,"column":1}},"33":{"start":{"line":86,"column":2},"end":{"line":108,"column":3}},"34":{"start":{"line":87,"column":19},"end":{"line":87,"column":37}},"35":{"start":{"line":89,"column":4},"end":{"line":91,"column":5}},"36":{"start":{"line":90,"column":6},"end":{"line":90,"column":66}},"37":{"start":{"line":94,"column":4},"end":{"line":96,"column":7}},"38":{"start":{"line":99,"column":4},"end":{"line":105,"column":7}},"39":{"start":{"line":100,"column":6},"end":{"line":102,"column":7}},"40":{"start":{"line":101,"column":8},"end":{"line":101,"column":83}},"41":{"start":{"line":103,"column":6},"end":{"line":103,"column":37}},"42":{"start":{"line":104,"column":6},"end":{"line":104,"column":77}},"43":{"start":{"line":107,"column":4},"end":{"line":107,"column":69}},"44":{"start":{"line":111,"column":0},"end":{"line":116,"column":2}}},"fnMap":{"0":{"name":"(anonymous_0)","decl":{"start":{"line":6,"column":15},"end":{"line":6,"column":16}},"loc":{"start":{"line":6,"column":35},"end":{"line":38,"column":1}},"line":6},"1":{"name":"(anonymous_1)","decl":{"start":{"line":41,"column":14},"end":{"line":41,"column":15}},"loc":{"start":{"line":41,"column":34},"end":{"line":70,"column":1}},"line":41},"2":{"name":"(anonymous_2)","decl":{"start":{"line":73,"column":15},"end":{"line":73,"column":16}},"loc":{"start":{"line":73,"column":29},"end":{"line":82,"column":1}},"line":73},"3":{"name":"(anonymous_3)","decl":{"start":{"line":75,"column":22},"end":{"line":75,"column":23}},"loc":{"start":{"line":75,"column":31},"end":{"line":81,"column":3}},"line":75},"4":{"name":"(anonymous_4)","decl":{"start":{"line":85,"column":19},"end":{"line":85,"column":20}},"loc":{"start":{"line":85,"column":39},"end":{"line":109,"column":1}},"line":85},"5":{"name":"(anonymous_5)","decl":{"start":{"line":99,"column":24},"end":{"line":99,"column":25}},"loc":{"start":{"line":99,"column":33},"end":{"line":105,"column":5}},"line":99}},"branchMap":{"0":{"loc":{"start":{"line":15,"column":4},"end":{"line":17,"column":5}},"type":"if","locations":[{"start":{"line":15,"column":4},"end":{"line":17,"column":5}},{"start":{},"end":{}}],"line":15},"1":{"loc":{"start":{"line":51,"column":4},"end":{"line":53,"column":5}},"type":"if","locations":[{"start":{"line":51,"column":4},"end":{"line":53,"column":5}},{"start":{},"end":{}}],"line":51},"2":{"loc":{"start":{"line":59,"column":4},"end":{"line":61,"column":5}},"type":"if","locations":[{"start":{"line":59,"column":4},"end":{"line":61,"column":5}},{"start":{},"end":{}}],"line":59},"3":{"loc":{"start":{"line":76,"column":4},"end":{"line":78,"column":5}},"type":"if","locations":[{"start":{"line":76,"column":4},"end":{"line":78,"column":5}},{"start":{},"end":{}}],"line":76},"4":{"loc":{"start":{"line":89,"column":4},"end":{"line":91,"column":5}},"type":"if","locations":[{"start":{"line":89,"column":4},"end":{"line":91,"column":5}},{"start":{},"end":{}}],"line":89},"5":{"loc":{"start":{"line":100,"column":6},"end":{"line":102,"column":7}},"type":"if","locations":[{"start":{"line":100,"column":6},"end":{"line":102,"column":7}},{"start":{},"end":{}}],"line":100}},"s":{"0":6,"1":6,"2":6,"3":6,"4":2,"5":2,"6":2,"7":2,"8":1,"9":1,"10":1,"11":1,"12":1,"13":0,"14":6,"15":23,"16":23,"17":23,"18":23,"19":0,"20":23,"21":23,"22":1,"23":22,"24":22,"25":0,"26":6,"27":1,"28":1,"29":0,"30":1,"31":1,"32":6,"33":1,"34":1,"35":1,"36":0,"37":1,"38":1,"39":1,"40":0,"41":1,"42":1,"43":0,"44":6},"f":{"0":2,"1":23,"2":1,"3":1,"4":1,"5":1},"b":{"0":[1,1],"1":[0,23],"2":[1,22],"3":[0,1],"4":[0,1],"5":[0,1]},"_coverageSchema":"1a1c01bbd47fc00a2c39e90264f33305004495a9","hash":"5b09bd7deb8a4c3263dceb116ecd0f56946a28b2"}
,"/Users/nickychen/Springboard/capstone-project-two-71dc06e176bd4e13898178cfe464f1ea/backend/src/controllers/followController.js": {"path":"/Users/nickychen/Springboard/capstone-project-two-71dc06e176bd4e13898178cfe464f1ea/backend/src/controllers/followController.js","statementMap":{"0":{"start":{"line":1,"column":25},"end":{"line":1,"column":50}},"1":{"start":{"line":2,"column":15},"end":{"line":2,"column":33}},"2":{"start":{"line":5,"column":19},"end":{"line":51,"column":1}},"3":{"start":{"line":6,"column":25},"end":{"line":6,"column":48}},"4":{"start":{"line":7,"column":17},"end":{"line":7,"column":35}},"5":{"start":{"line":9,"column":2},"end":{"line":11,"column":3}},"6":{"start":{"line":10,"column":4},"end":{"line":10,"column":64}},"7":{"start":{"line":13,"column":2},"end":{"line":15,"column":3}},"8":{"start":{"line":14,"column":4},"end":{"line":14,"column":73}},"9":{"start":{"line":17,"column":2},"end":{"line":50,"column":3}},"10":{"start":{"line":19,"column":25},"end":{"line":21,"column":6}},"11":{"start":{"line":23,"column":4},"end":{"line":25,"column":5}},"12":{"start":{"line":24,"column":6},"end":{"line":24,"column":63}},"13":{"start":{"line":28,"column":27},"end":{"line":33,"column":6}},"14":{"start":{"line":35,"column":4},"end":{"line":37,"column":5}},"15":{"start":{"line":36,"column":6},"end":{"line":36,"column":76}},"16":{"start":{"line":40,"column":19},"end":{"line":45,"column":6}},"17":{"start":{"line":47,"column":4},"end":{"line":47,"column":76}},"18":{"start":{"line":49,"column":4},"end":{"line":49,"column":61}},"19":{"start":{"line":54,"column":21},"end":{"line":97,"column":1}},"20":{"start":{"line":55,"column":27},"end":{"line":55,"column":50}},"21":{"start":{"line":56,"column":17},"end":{"line":56,"column":35}},"22":{"start":{"line":58,"column":2},"end":{"line":60,"column":3}},"23":{"start":{"line":59,"column":4},"end":{"line":59,"column":64}},"24":{"start":{"line":62,"column":2},"end":{"line":64,"column":3}},"25":{"start":{"line":63,"column":4},"end":{"line":63,"column":75}},"26":{"start":{"line":66,"column":2},"end":{"line":96,"column":3}},"27":{"start":{"line":68,"column":27},"end":{"line":70,"column":6}},"28":{"start":{"line":72,"column":4},"end":{"line":74,"column":5}},"29":{"start":{"line":73,"column":6},"end":{"line":73,"column":63}},"30":{"start":{"line":77,"column":19},"end":{"line":82,"column":6}},"31":{"start":{"line":84,"column":4},"end":{"line":86,"column":5}},"32":{"start":{"line":85,"column":6},"end":{"line":85,"column":80}},"33":{"start":{"line":89,"column":4},"end":{"line":91,"column":7}},"34":{"start":{"line":93,"column":4},"end":{"line":93,"column":70}},"35":{"start":{"line":95,"column":4},"end":{"line":95,"column":63}},"36":{"start":{"line":99,"column":0},"end":{"line":102,"column":2}}},"fnMap":{"0":{"name":"(anonymous_0)","decl":{"start":{"line":5,"column":19},"end":{"line":5,"column":20}},"loc":{"start":{"line":5,"column":39},"end":{"line":51,"column":1}},"line":5},"1":{"name":"(anonymous_1)","decl":{"start":{"line":54,"column":21},"end":{"line":54,"column":22}},"loc":{"start":{"line":54,"column":41},"end":{"line":97,"column":1}},"line":54}},"branchMap":{"0":{"loc":{"start":{"line":9,"column":2},"end":{"line":11,"column":3}},"type":"if","locations":[{"start":{"line":9,"column":2},"end":{"line":11,"column":3}},{"start":{},"end":{}}],"line":9},"1":{"loc":{"start":{"line":13,"column":2},"end":{"line":15,"column":3}},"type":"if","locations":[{"start":{"line":13,"column":2},"end":{"line":15,"column":3}},{"start":{},"end":{}}],"line":13},"2":{"loc":{"start":{"line":23,"column":4},"end":{"line":25,"column":5}},"type":"if","locations":[{"start":{"line":23,"column":4},"end":{"line":25,"column":5}},{"start":{},"end":{}}],"line":23},"3":{"loc":{"start":{"line":35,"column":4},"end":{"line":37,"column":5}},"type":"if","locations":[{"start":{"line":35,"column":4},"end":{"line":37,"column":5}},{"start":{},"end":{}}],"line":35},"4":{"loc":{"start":{"line":58,"column":2},"end":{"line":60,"column":3}},"type":"if","locations":[{"start":{"line":58,"column":2},"end":{"line":60,"column":3}},{"start":{},"end":{}}],"line":58},"5":{"loc":{"start":{"line":62,"column":2},"end":{"line":64,"column":3}},"type":"if","locations":[{"start":{"line":62,"column":2},"end":{"line":64,"column":3}},{"start":{},"end":{}}],"line":62},"6":{"loc":{"start":{"line":72,"column":4},"end":{"line":74,"column":5}},"type":"if","locations":[{"start":{"line":72,"column":4},"end":{"line":74,"column":5}},{"start":{},"end":{}}],"line":72},"7":{"loc":{"start":{"line":84,"column":4},"end":{"line":86,"column":5}},"type":"if","locations":[{"start":{"line":84,"column":4},"end":{"line":86,"column":5}},{"start":{},"end":{}}],"line":84}},"s":{"0":6,"1":6,"2":6,"3":6,"4":6,"5":6,"6":0,"7":6,"8":1,"9":5,"10":5,"11":5,"12":1,"13":4,"14":4,"15":1,"16":3,"17":3,"18":0,"19":6,"20":4,"21":4,"22":4,"23":0,"24":4,"25":1,"26":3,"27":3,"28":3,"29":1,"30":2,"31":2,"32":1,"33":1,"34":1,"35":0,"36":6},"f":{"0":6,"1":4},"b":{"0":[0,6],"1":[1,5],"2":[1,4],"3":[1,3],"4":[0,4],"5":[1,3],"6":[1,2],"7":[1,1]},"_coverageSchema":"1a1c01bbd47fc00a2c39e90264f33305004495a9","hash":"83fad6f214bbdc4b3ed0a7934ca707a74ce4d57d"}
,"/Users/nickychen/Springboard/capstone-project-two-71dc06e176bd4e13898178cfe464f1ea/backend/src/controllers/likeController.js": {"path":"/Users/nickychen/Springboard/capstone-project-two-71dc06e176bd4e13898178cfe464f1ea/backend/src/controllers/likeController.js","statementMap":{"0":{"start":{"line":1,"column":25},"end":{"line":1,"column":50}},"1":{"start":{"line":2,"column":15},"end":{"line":2,"column":33}},"2":{"start":{"line":5,"column":18},"end":{"line":47,"column":1}},"3":{"start":{"line":6,"column":18},"end":{"line":6,"column":41}},"4":{"start":{"line":7,"column":17},"end":{"line":7,"column":35}},"5":{"start":{"line":9,"column":2},"end":{"line":11,"column":3}},"6":{"start":{"line":10,"column":4},"end":{"line":10,"column":64}},"7":{"start":{"line":13,"column":2},"end":{"line":46,"column":3}},"8":{"start":{"line":15,"column":18},"end":{"line":17,"column":6}},"9":{"start":{"line":19,"column":4},"end":{"line":21,"column":5}},"10":{"start":{"line":20,"column":6},"end":{"line":20,"column":64}},"11":{"start":{"line":24,"column":25},"end":{"line":29,"column":6}},"12":{"start":{"line":31,"column":4},"end":{"line":33,"column":5}},"13":{"start":{"line":32,"column":6},"end":{"line":32,"column":68}},"14":{"start":{"line":36,"column":17},"end":{"line":41,"column":6}},"15":{"start":{"line":43,"column":4},"end":{"line":43,"column":72}},"16":{"start":{"line":45,"column":4},"end":{"line":45,"column":60}},"17":{"start":{"line":50,"column":20},"end":{"line":80,"column":1}},"18":{"start":{"line":51,"column":18},"end":{"line":51,"column":41}},"19":{"start":{"line":52,"column":17},"end":{"line":52,"column":35}},"20":{"start":{"line":54,"column":2},"end":{"line":56,"column":3}},"21":{"start":{"line":55,"column":4},"end":{"line":55,"column":64}},"22":{"start":{"line":58,"column":2},"end":{"line":79,"column":3}},"23":{"start":{"line":60,"column":17},"end":{"line":65,"column":6}},"24":{"start":{"line":67,"column":4},"end":{"line":69,"column":5}},"25":{"start":{"line":68,"column":6},"end":{"line":68,"column":63}},"26":{"start":{"line":72,"column":4},"end":{"line":74,"column":7}},"27":{"start":{"line":76,"column":4},"end":{"line":76,"column":68}},"28":{"start":{"line":78,"column":4},"end":{"line":78,"column":62}},"29":{"start":{"line":82,"column":0},"end":{"line":85,"column":2}}},"fnMap":{"0":{"name":"(anonymous_0)","decl":{"start":{"line":5,"column":18},"end":{"line":5,"column":19}},"loc":{"start":{"line":5,"column":38},"end":{"line":47,"column":1}},"line":5},"1":{"name":"(anonymous_1)","decl":{"start":{"line":50,"column":20},"end":{"line":50,"column":21}},"loc":{"start":{"line":50,"column":40},"end":{"line":80,"column":1}},"line":50}},"branchMap":{"0":{"loc":{"start":{"line":9,"column":2},"end":{"line":11,"column":3}},"type":"if","locations":[{"start":{"line":9,"column":2},"end":{"line":11,"column":3}},{"start":{},"end":{}}],"line":9},"1":{"loc":{"start":{"line":19,"column":4},"end":{"line":21,"column":5}},"type":"if","locations":[{"start":{"line":19,"column":4},"end":{"line":21,"column":5}},{"start":{},"end":{}}],"line":19},"2":{"loc":{"start":{"line":31,"column":4},"end":{"line":33,"column":5}},"type":"if","locations":[{"start":{"line":31,"column":4},"end":{"line":33,"column":5}},{"start":{},"end":{}}],"line":31},"3":{"loc":{"start":{"line":54,"column":2},"end":{"line":56,"column":3}},"type":"if","locations":[{"start":{"line":54,"column":2},"end":{"line":56,"column":3}},{"start":{},"end":{}}],"line":54},"4":{"loc":{"start":{"line":67,"column":4},"end":{"line":69,"column":5}},"type":"if","locations":[{"start":{"line":67,"column":4},"end":{"line":69,"column":5}},{"start":{},"end":{}}],"line":67}},"s":{"0":6,"1":6,"2":6,"3":4,"4":4,"5":4,"6":0,"7":4,"8":4,"9":4,"10":0,"11":4,"12":4,"13":1,"14":3,"15":3,"16":0,"17":6,"18":2,"19":2,"20":2,"21":0,"22":2,"23":2,"24":2,"25":1,"26":1,"27":1,"28":0,"29":6},"f":{"0":4,"1":2},"b":{"0":[0,4],"1":[0,4],"2":[1,3],"3":[0,2],"4":[1,1]},"_coverageSchema":"1a1c01bbd47fc00a2c39e90264f33305004495a9","hash":"4f715b7038c4ae844c9e63925811984e9b75fc41"}
,"/Users/nickychen/Springboard/capstone-project-two-71dc06e176bd4e13898178cfe464f1ea/backend/src/controllers/tweetController.js": {"path":"/Users/nickychen/Springboard/capstone-project-two-71dc06e176bd4e13898178cfe464f1ea/backend/src/controllers/tweetController.js","statementMap":{"0":{"start":{"line":1,"column":25},"end":{"line":1,"column":50}},"1":{"start":{"line":2,"column":15},"end":{"line":2,"column":33}},"2":{"start":{"line":5,"column":20},"end":{"line":24,"column":1}},"3":{"start":{"line":6,"column":22},"end":{"line":6,"column":30}},"4":{"start":{"line":7,"column":17},"end":{"line":7,"column":35}},"5":{"start":{"line":9,"column":2},"end":{"line":11,"column":3}},"6":{"start":{"line":10,"column":4},"end":{"line":10,"column":64}},"7":{"start":{"line":13,"column":2},"end":{"line":23,"column":3}},"8":{"start":{"line":14,"column":18},"end":{"line":19,"column":6}},"9":{"start":{"line":20,"column":4},"end":{"line":20,"column":75}},"10":{"start":{"line":22,"column":4},"end":{"line":22,"column":62}},"11":{"start":{"line":27,"column":22},"end":{"line":43,"column":1}},"12":{"start":{"line":28,"column":17},"end":{"line":28,"column":35}},"13":{"start":{"line":30,"column":2},"end":{"line":32,"column":3}},"14":{"start":{"line":31,"column":4},"end":{"line":31,"column":64}},"15":{"start":{"line":34,"column":2},"end":{"line":42,"column":3}},"16":{"start":{"line":35,"column":19},"end":{"line":38,"column":6}},"17":{"start":{"line":39,"column":4},"end":{"line":39,"column":37}},"18":{"start":{"line":41,"column":4},"end":{"line":41,"column":62}},"19":{"start":{"line":46,"column":27},"end":{"line":60,"column":1}},"20":{"start":{"line":47,"column":19},"end":{"line":47,"column":42}},"21":{"start":{"line":49,"column":4},"end":{"line":59,"column":5}},"22":{"start":{"line":51,"column":21},"end":{"line":54,"column":8}},"23":{"start":{"line":56,"column":6},"end":{"line":56,"column":39}},"24":{"start":{"line":58,"column":6},"end":{"line":58,"column":69}},"25":{"start":{"line":63,"column":20},"end":{"line":88,"column":1}},"26":{"start":{"line":64,"column":18},"end":{"line":64,"column":41}},"27":{"start":{"line":65,"column":17},"end":{"line":65,"column":35}},"28":{"start":{"line":67,"column":2},"end":{"line":69,"column":3}},"29":{"start":{"line":68,"column":4},"end":{"line":68,"column":64}},"30":{"start":{"line":71,"column":2},"end":{"line":87,"column":3}},"31":{"start":{"line":72,"column":18},"end":{"line":74,"column":6}},"32":{"start":{"line":76,"column":4},"end":{"line":78,"column":5}},"33":{"start":{"line":77,"column":6},"end":{"line":77,"column":84}},"34":{"start":{"line":80,"column":4},"end":{"line":82,"column":7}},"35":{"start":{"line":84,"column":4},"end":{"line":84,"column":68}},"36":{"start":{"line":86,"column":4},"end":{"line":86,"column":62}},"37":{"start":{"line":90,"column":16},"end":{"line":112,"column":1}},"38":{"start":{"line":91,"column":19},"end":{"line":91,"column":37}},"39":{"start":{"line":93,"column":4},"end":{"line":111,"column":5}},"40":{"start":{"line":95,"column":24},"end":{"line":98,"column":8}},"41":{"start":{"line":100,"column":27},"end":{"line":100,"column":60}},"42":{"start":{"line":100,"column":46},"end":{"line":100,"column":59}},"43":{"start":{"line":103,"column":21},"end":{"line":106,"column":8}},"44":{"start":{"line":108,"column":6},"end":{"line":108,"column":39}},"45":{"start":{"line":110,"column":6},"end":{"line":110,"column":62}},"46":{"start":{"line":115,"column":0},"end":{"line":121,"column":2}}},"fnMap":{"0":{"name":"(anonymous_0)","decl":{"start":{"line":5,"column":20},"end":{"line":5,"column":21}},"loc":{"start":{"line":5,"column":40},"end":{"line":24,"column":1}},"line":5},"1":{"name":"(anonymous_1)","decl":{"start":{"line":27,"column":22},"end":{"line":27,"column":23}},"loc":{"start":{"line":27,"column":42},"end":{"line":43,"column":1}},"line":27},"2":{"name":"(anonymous_2)","decl":{"start":{"line":46,"column":27},"end":{"line":46,"column":28}},"loc":{"start":{"line":46,"column":47},"end":{"line":60,"column":1}},"line":46},"3":{"name":"(anonymous_3)","decl":{"start":{"line":63,"column":20},"end":{"line":63,"column":21}},"loc":{"start":{"line":63,"column":40},"end":{"line":88,"column":1}},"line":63},"4":{"name":"(anonymous_4)","decl":{"start":{"line":90,"column":16},"end":{"line":90,"column":17}},"loc":{"start":{"line":90,"column":36},"end":{"line":112,"column":1}},"line":90},"5":{"name":"(anonymous_5)","decl":{"start":{"line":100,"column":41},"end":{"line":100,"column":42}},"loc":{"start":{"line":100,"column":46},"end":{"line":100,"column":59}},"line":100}},"branchMap":{"0":{"loc":{"start":{"line":9,"column":2},"end":{"line":11,"column":3}},"type":"if","locations":[{"start":{"line":9,"column":2},"end":{"line":11,"column":3}},{"start":{},"end":{}}],"line":9},"1":{"loc":{"start":{"line":30,"column":2},"end":{"line":32,"column":3}},"type":"if","locations":[{"start":{"line":30,"column":2},"end":{"line":32,"column":3}},{"start":{},"end":{}}],"line":30},"2":{"loc":{"start":{"line":67,"column":2},"end":{"line":69,"column":3}},"type":"if","locations":[{"start":{"line":67,"column":2},"end":{"line":69,"column":3}},{"start":{},"end":{}}],"line":67},"3":{"loc":{"start":{"line":76,"column":4},"end":{"line":78,"column":5}},"type":"if","locations":[{"start":{"line":76,"column":4},"end":{"line":78,"column":5}},{"start":{},"end":{}}],"line":76},"4":{"loc":{"start":{"line":76,"column":8},"end":{"line":76,"column":43}},"type":"binary-expr","locations":[{"start":{"line":76,"column":8},"end":{"line":76,"column":14}},{"start":{"line":76,"column":18},"end":{"line":76,"column":43}}],"line":76}},"s":{"0":6,"1":6,"2":6,"3":2,"4":2,"5":2,"6":0,"7":2,"8":2,"9":2,"10":0,"11":6,"12":0,"13":0,"14":0,"15":0,"16":0,"17":0,"18":0,"19":6,"20":3,"21":3,"22":3,"23":3,"24":0,"25":6,"26":2,"27":2,"28":2,"29":0,"30":2,"31":2,"32":2,"33":1,"34":1,"35":1,"36":0,"37":6,"38":3,"39":3,"40":3,"41":3,"42":3,"43":3,"44":3,"45":0,"46":6},"f":{"0":2,"1":0,"2":3,"3":2,"4":3,"5":3},"b":{"0":[0,2],"1":[0,0],"2":[0,2],"3":[1,1],"4":[2,2]},"_coverageSchema":"1a1c01bbd47fc00a2c39e90264f33305004495a9","hash":"b32f8a2ec142f334beaa4e537eabf51962ca06ea"}
,"/Users/nickychen/Springboard/capstone-project-two-71dc06e176bd4e13898178cfe464f1ea/backend/src/middleware/authMiddleware.js": {"path":"/Users/nickychen/Springboard/capstone-project-two-71dc06e176bd4e13898178cfe464f1ea/backend/src/middleware/authMiddleware.js","statementMap":{"0":{"start":{"line":1,"column":28},"end":{"line":7,"column":3}},"1":{"start":{"line":2,"column":4},"end":{"line":6,"column":5}},"2":{"start":{"line":3,"column":6},"end":{"line":3,"column":20}},"3":{"start":{"line":5,"column":6},"end":{"line":5,"column":66}},"4":{"start":{"line":9,"column":2},"end":{"line":11,"column":4}}},"fnMap":{"0":{"name":"(anonymous_0)","decl":{"start":{"line":1,"column":28},"end":{"line":1,"column":29}},"loc":{"start":{"line":1,"column":48},"end":{"line":7,"column":3}},"line":1}},"branchMap":{"0":{"loc":{"start":{"line":2,"column":4},"end":{"line":6,"column":5}},"type":"if","locations":[{"start":{"line":2,"column":4},"end":{"line":6,"column":5}},{"start":{"line":4,"column":11},"end":{"line":6,"column":5}}],"line":2},"1":{"loc":{"start":{"line":2,"column":8},"end":{"line":2,"column":41}},"type":"binary-expr","locations":[{"start":{"line":2,"column":8},"end":{"line":2,"column":19}},{"start":{"line":2,"column":23},"end":{"line":2,"column":41}}],"line":2}},"s":{"0":6,"1":24,"2":23,"3":1,"4":6},"f":{"0":24},"b":{"0":[23,1],"1":[24,24]},"_coverageSchema":"1a1c01bbd47fc00a2c39e90264f33305004495a9","hash":"383d734f331251cb5cc00553732e289f0dec535f"}
,"/Users/nickychen/Springboard/capstone-project-two-71dc06e176bd4e13898178cfe464f1ea/backend/src/routes/authRoutes.js": {"path":"/Users/nickychen/Springboard/capstone-project-two-71dc06e176bd4e13898178cfe464f1ea/backend/src/routes/authRoutes.js","statementMap":{"0":{"start":{"line":1,"column":16},"end":{"line":1,"column":34}},"1":{"start":{"line":2,"column":15},"end":{"line":2,"column":31}},"2":{"start":{"line":3,"column":46},"end":{"line":3,"column":86}},"3":{"start":{"line":6,"column":0},"end":{"line":6,"column":31}},"4":{"start":{"line":9,"column":0},"end":{"line":9,"column":29}},"5":{"start":{"line":12,"column":0},"end":{"line":12,"column":30}},"6":{"start":{"line":15,"column":0},"end":{"line":15,"column":37}},"7":{"start":{"line":17,"column":0},"end":{"line":17,"column":24}}},"fnMap":{},"branchMap":{},"s":{"0":6,"1":6,"2":6,"3":6,"4":6,"5":6,"6":6,"7":6},"f":{},"b":{},"_coverageSchema":"1a1c01bbd47fc00a2c39e90264f33305004495a9","hash":"90c03d16e6db74b5dea7bf1251f86b66d8a3046f"}
,"/Users/nickychen/Springboard/capstone-project-two-71dc06e176bd4e13898178cfe464f1ea/backend/src/routes/followRoutes.js": {"path":"/Users/nickychen/Springboard/capstone-project-two-71dc06e176bd4e13898178cfe464f1ea/backend/src/routes/followRoutes.js","statementMap":{"0":{"start":{"line":1,"column":16},"end":{"line":1,"column":34}},"1":{"start":{"line":2,"column":15},"end":{"line":2,"column":31}},"2":{"start":{"line":3,"column":32},"end":{"line":3,"column":71}},"3":{"start":{"line":4,"column":37},"end":{"line":4,"column":79}},"4":{"start":{"line":7,"column":0},"end":{"line":7,"column":60}},"5":{"start":{"line":8,"column":0},"end":{"line":8,"column":64}},"6":{"start":{"line":10,"column":0},"end":{"line":10,"column":24}}},"fnMap":{},"branchMap":{},"s":{"0":6,"1":6,"2":6,"3":6,"4":6,"5":6,"6":6},"f":{},"b":{},"_coverageSchema":"1a1c01bbd47fc00a2c39e90264f33305004495a9","hash":"32637e5ccfb4a2a491e3f16c5c502d3597bcb4bd"}
,"/Users/nickychen/Springboard/capstone-project-two-71dc06e176bd4e13898178cfe464f1ea/backend/src/routes/likeRoutes.js": {"path":"/Users/nickychen/Springboard/capstone-project-two-71dc06e176bd4e13898178cfe464f1ea/backend/src/routes/likeRoutes.js","statementMap":{"0":{"start":{"line":1,"column":16},"end":{"line":1,"column":34}},"1":{"start":{"line":2,"column":15},"end":{"line":2,"column":31}},"2":{"start":{"line":3,"column":32},"end":{"line":3,"column":71}},"3":{"start":{"line":4,"column":35},"end":{"line":4,"column":75}},"4":{"start":{"line":7,"column":0},"end":{"line":7,"column":57}},"5":{"start":{"line":8,"column":0},"end":{"line":8,"column":61}},"6":{"start":{"line":10,"column":0},"end":{"line":10,"column":24}}},"fnMap":{},"branchMap":{},"s":{"0":6,"1":6,"2":6,"3":6,"4":6,"5":6,"6":6},"f":{},"b":{},"_coverageSchema":"1a1c01bbd47fc00a2c39e90264f33305004495a9","hash":"bdf6b993be6074abb110ff457ec44d5aeedabdd6"}
,"/Users/nickychen/Springboard/capstone-project-two-71dc06e176bd4e13898178cfe464f1ea/backend/src/routes/tweetRoutes.js": {"path":"/Users/nickychen/Springboard/capstone-project-two-71dc06e176bd4e13898178cfe464f1ea/backend/src/routes/tweetRoutes.js","statementMap":{"0":{"start":{"line":1,"column":16},"end":{"line":1,"column":34}},"1":{"start":{"line":2,"column":15},"end":{"line":2,"column":31}},"2":{"start":{"line":3,"column":32},"end":{"line":3,"column":71}},"3":{"start":{"line":4,"column":80},"end":{"line":4,"column":121}},"4":{"start":{"line":7,"column":0},"end":{"line":7,"column":57}},"5":{"start":{"line":8,"column":0},"end":{"line":8,"column":52}},"6":{"start":{"line":9,"column":0},"end":{"line":9,"column":44}},"7":{"start":{"line":10,"column":0},"end":{"line":10,"column":63}},"8":{"start":{"line":11,"column":0},"end":{"line":11,"column":50}},"9":{"start":{"line":13,"column":0},"end":{"line":13,"column":24}}},"fnMap":{},"branchMap":{},"s":{"0":6,"1":6,"2":6,"3":6,"4":6,"5":6,"6":6,"7":6,"8":6,"9":6},"f":{},"b":{},"_coverageSchema":"1a1c01bbd47fc00a2c39e90264f33305004495a9","hash":"bec98fe316f7b1a716620b417c12fb30fe30333a"}
}
