TN:
SF:src/app.js
FNF:0
FNH:0
DA:1,6
DA:2,6
DA:3,6
DA:4,6
DA:6,6
DA:8,6
DA:9,6
DA:12,6
DA:20,6
DA:21,6
DA:22,6
DA:23,6
DA:25,6
DA:26,6
DA:27,6
DA:28,6
DA:30,6
LF:17
LH:17
BRF:0
BRH:0
end_of_record
TN:
SF:src/controllers/authController.js
FN:6,(anonymous_0)
FN:41,(anonymous_1)
FN:73,(anonymous_2)
FN:75,(anonymous_3)
FN:85,(anonymous_4)
FN:99,(anonymous_5)
FNF:6
FNH:6
FNDA:2,(anonymous_0)
FNDA:23,(anonymous_1)
FNDA:1,(anonymous_2)
FNDA:1,(anonymous_3)
FNDA:1,(anonymous_4)
FNDA:1,(anonymous_5)
DA:1,6
DA:2,6
DA:3,6
DA:6,6
DA:7,2
DA:9,2
DA:11,2
DA:15,2
DA:16,1
DA:20,1
DA:23,1
DA:32,1
DA:34,1
DA:36,0
DA:41,6
DA:42,23
DA:44,23
DA:46,23
DA:51,23
DA:52,0
DA:56,23
DA:59,23
DA:60,1
DA:64,22
DA:66,22
DA:68,0
DA:73,6
DA:75,1
DA:76,1
DA:77,0
DA:79,1
DA:80,1
DA:85,6
DA:86,1
DA:87,1
DA:89,1
DA:90,0
DA:94,1
DA:99,1
DA:100,1
DA:101,0
DA:103,1
DA:104,1
DA:107,0
DA:111,6
LF:45
LH:38
BRDA:15,0,0,1
BRDA:15,0,1,1
BRDA:51,1,0,0
BRDA:51,1,1,23
BRDA:59,2,0,1
BRDA:59,2,1,22
BRDA:76,3,0,0
BRDA:76,3,1,1
BRDA:89,4,0,0
BRDA:89,4,1,1
BRDA:100,5,0,0
BRDA:100,5,1,1
BRF:12
BRH:8
end_of_record
TN:
SF:src/controllers/followController.js
FN:5,(anonymous_0)
FN:54,(anonymous_1)
FNF:2
FNH:2
FNDA:6,(anonymous_0)
FNDA:4,(anonymous_1)
DA:1,6
DA:2,6
DA:5,6
DA:6,6
DA:7,6
DA:9,6
DA:10,0
DA:13,6
DA:14,1
DA:17,5
DA:19,5
DA:23,5
DA:24,1
DA:28,4
DA:35,4
DA:36,1
DA:40,3
DA:47,3
DA:49,0
DA:54,6
DA:55,4
DA:56,4
DA:58,4
DA:59,0
DA:62,4
DA:63,1
DA:66,3
DA:68,3
DA:72,3
DA:73,1
DA:77,2
DA:84,2
DA:85,1
DA:89,1
DA:93,1
DA:95,0
DA:99,6
LF:37
LH:33
BRDA:9,0,0,0
BRDA:9,0,1,6
BRDA:13,1,0,1
BRDA:13,1,1,5
BRDA:23,2,0,1
BRDA:23,2,1,4
BRDA:35,3,0,1
BRDA:35,3,1,3
BRDA:58,4,0,0
BRDA:58,4,1,4
BRDA:62,5,0,1
BRDA:62,5,1,3
BRDA:72,6,0,1
BRDA:72,6,1,2
BRDA:84,7,0,1
BRDA:84,7,1,1
BRF:16
BRH:14
end_of_record
TN:
SF:src/controllers/likeController.js
FN:5,(anonymous_0)
FN:50,(anonymous_1)
FNF:2
FNH:2
FNDA:4,(anonymous_0)
FNDA:2,(anonymous_1)
DA:1,6
DA:2,6
DA:5,6
DA:6,4
DA:7,4
DA:9,4
DA:10,0
DA:13,4
DA:15,4
DA:19,4
DA:20,0
DA:24,4
DA:31,4
DA:32,1
DA:36,3
DA:43,3
DA:45,0
DA:50,6
DA:51,2
DA:52,2
DA:54,2
DA:55,0
DA:58,2
DA:60,2
DA:67,2
DA:68,1
DA:72,1
DA:76,1
DA:78,0
DA:82,6
LF:30
LH:25
BRDA:9,0,0,0
BRDA:9,0,1,4
BRDA:19,1,0,0
BRDA:19,1,1,4
BRDA:31,2,0,1
BRDA:31,2,1,3
BRDA:54,3,0,0
BRDA:54,3,1,2
BRDA:67,4,0,1
BRDA:67,4,1,1
BRF:10
BRH:7
end_of_record
TN:
SF:src/controllers/tweetController.js
FN:5,(anonymous_0)
FN:27,(anonymous_1)
FN:46,(anonymous_2)
FN:63,(anonymous_3)
FN:90,(anonymous_4)
FN:100,(anonymous_5)
FNF:6
FNH:5
FNDA:2,(anonymous_0)
FNDA:0,(anonymous_1)
FNDA:3,(anonymous_2)
FNDA:2,(anonymous_3)
FNDA:3,(anonymous_4)
FNDA:3,(anonymous_5)
DA:1,6
DA:2,6
DA:5,6
DA:6,2
DA:7,2
DA:9,2
DA:10,0
DA:13,2
DA:14,2
DA:20,2
DA:22,0
DA:27,6
DA:28,0
DA:30,0
DA:31,0
DA:34,0
DA:35,0
DA:39,0
DA:41,0
DA:46,6
DA:47,3
DA:49,3
DA:51,3
DA:56,3
DA:58,0
DA:63,6
DA:64,2
DA:65,2
DA:67,2
DA:68,0
DA:71,2
DA:72,2
DA:76,2
DA:77,1
DA:80,1
DA:84,1
DA:86,0
DA:90,6
DA:91,3
DA:93,3
DA:95,3
DA:100,3
DA:103,3
DA:108,3
DA:110,0
DA:115,6
LF:46
LH:33
BRDA:9,0,0,0
BRDA:9,0,1,2
BRDA:30,1,0,0
BRDA:30,1,1,0
BRDA:67,2,0,0
BRDA:67,2,1,2
BRDA:76,3,0,1
BRDA:76,3,1,1
BRDA:76,4,0,2
BRDA:76,4,1,2
BRF:10
BRH:6
end_of_record
TN:
SF:src/middleware/authMiddleware.js
FN:1,(anonymous_0)
FNF:1
FNH:1
FNDA:24,(anonymous_0)
DA:1,6
DA:2,24
DA:3,23
DA:5,1
DA:9,6
LF:5
LH:5
BRDA:2,0,0,23
BRDA:2,0,1,1
BRDA:2,1,0,24
BRDA:2,1,1,24
BRF:4
BRH:4
end_of_record
TN:
SF:src/routes/authRoutes.js
FNF:0
FNH:0
DA:1,6
DA:2,6
DA:3,6
DA:6,6
DA:9,6
DA:12,6
DA:15,6
DA:17,6
LF:8
LH:8
BRF:0
BRH:0
end_of_record
TN:
SF:src/routes/followRoutes.js
FNF:0
FNH:0
DA:1,6
DA:2,6
DA:3,6
DA:4,6
DA:7,6
DA:8,6
DA:10,6
LF:7
LH:7
BRF:0
BRH:0
end_of_record
TN:
SF:src/routes/likeRoutes.js
FNF:0
FNH:0
DA:1,6
DA:2,6
DA:3,6
DA:4,6
DA:7,6
DA:8,6
DA:10,6
LF:7
LH:7
BRF:0
BRH:0
end_of_record
TN:
SF:src/routes/tweetRoutes.js
FNF:0
FNH:0
DA:1,6
DA:2,6
DA:3,6
DA:4,6
DA:7,6
DA:8,6
DA:9,6
DA:10,6
DA:11,6
DA:13,6
LF:10
LH:10
BRF:0
BRH:0
end_of_record
